mode: set
github.com/awaketai/crawler/collector/sqlstorage/option.go:17.44,18.29 1 0
github.com/awaketai/crawler/collector/sqlstorage/option.go:18.29,20.3 1 0
github.com/awaketai/crawler/collector/sqlstorage/option.go:23.33,24.29 1 0
github.com/awaketai/crawler/collector/sqlstorage/option.go:24.29,26.3 1 0
github.com/awaketai/crawler/collector/sqlstorage/option.go:29.44,30.29 1 0
github.com/awaketai/crawler/collector/sqlstorage/option.go:30.29,32.3 1 0
github.com/awaketai/crawler/collector/sqlstorage/sqlstorage.go:22.53,24.27 2 0
github.com/awaketai/crawler/collector/sqlstorage/sqlstorage.go:24.27,26.3 1 0
github.com/awaketai/crawler/collector/sqlstorage/sqlstorage.go:27.2,34.16 5 0
github.com/awaketai/crawler/collector/sqlstorage/sqlstorage.go:34.16,36.3 1 0
github.com/awaketai/crawler/collector/sqlstorage/sqlstorage.go:37.2,39.15 2 0
github.com/awaketai/crawler/collector/sqlstorage/sqlstorage.go:42.65,43.33 1 0
github.com/awaketai/crawler/collector/sqlstorage/sqlstorage.go:43.33,46.39 3 0
github.com/awaketai/crawler/collector/sqlstorage/sqlstorage.go:46.39,54.18 3 0
github.com/awaketai/crawler/collector/sqlstorage/sqlstorage.go:54.18,56.5 1 0
github.com/awaketai/crawler/collector/sqlstorage/sqlstorage.go:57.4,57.35 1 0
github.com/awaketai/crawler/collector/sqlstorage/sqlstorage.go:59.3,60.40 2 0
github.com/awaketai/crawler/collector/sqlstorage/sqlstorage.go:60.40,62.4 1 0
github.com/awaketai/crawler/collector/sqlstorage/sqlstorage.go:65.2,65.12 1 0
github.com/awaketai/crawler/collector/sqlstorage/sqlstorage.go:68.70,73.31 5 0
github.com/awaketai/crawler/collector/sqlstorage/sqlstorage.go:73.31,78.3 1 0
github.com/awaketai/crawler/collector/sqlstorage/sqlstorage.go:79.2,87.20 2 0
github.com/awaketai/crawler/collector/sqlstorage/sqlstorage.go:90.34,91.28 1 1
github.com/awaketai/crawler/collector/sqlstorage/sqlstorage.go:91.28,93.3 1 1
github.com/awaketai/crawler/collector/sqlstorage/sqlstorage.go:94.2,95.40 2 1
github.com/awaketai/crawler/collector/sqlstorage/sqlstorage.go:95.40,97.10 2 1
github.com/awaketai/crawler/collector/sqlstorage/sqlstorage.go:97.10,99.4 1 1
github.com/awaketai/crawler/collector/sqlstorage/sqlstorage.go:100.3,101.10 2 0
github.com/awaketai/crawler/collector/sqlstorage/sqlstorage.go:101.10,103.4 1 0
github.com/awaketai/crawler/collector/sqlstorage/sqlstorage.go:104.3,107.32 4 0
github.com/awaketai/crawler/collector/sqlstorage/sqlstorage.go:107.32,109.25 2 0
github.com/awaketai/crawler/collector/sqlstorage/sqlstorage.go:110.13,111.30 1 0
github.com/awaketai/crawler/collector/sqlstorage/sqlstorage.go:112.16,113.29 1 0
github.com/awaketai/crawler/collector/sqlstorage/sqlstorage.go:114.12,116.19 2 0
github.com/awaketai/crawler/collector/sqlstorage/sqlstorage.go:116.19,119.6 2 0
github.com/awaketai/crawler/collector/sqlstorage/sqlstorage.go:120.5,120.37 1 0
github.com/awaketai/crawler/collector/sqlstorage/sqlstorage.go:123.3,127.27 2 0
github.com/awaketai/crawler/collector/sqlstorage/sqlstorage.go:127.27,129.4 1 0
github.com/awaketai/crawler/collector/sqlstorage/sqlstorage.go:132.2,138.16 2 0
github.com/awaketai/crawler/collector/sqlstorage/sqlstorage.go:138.16,140.3 1 0
github.com/awaketai/crawler/collector/sqlstorage/sqlstorage.go:142.2,142.12 1 0
